<?xml version="1.0" encoding="UTF-8"?>
<testng-results skipped="0" failed="0" ignored="0" total="1" passed="1">
  <reporter-output>
  </reporter-output>
  <suite name="Default suite" duration-ms="4477" started-at="2019-03-08T06:59:50Z" finished-at="2019-03-08T06:59:55Z">
    <groups>
    </groups>
    <test name="Default test" duration-ms="4477" started-at="2019-03-08T06:59:50Z" finished-at="2019-03-08T06:59:55Z">
      <class name="VDOhire_KeywordDriven.VDOhire_KeywordDriven.TestScript">
        <test-method status="PASS" signature="loginTest()[pri:0, instance:VDOhire_KeywordDriven.VDOhire_KeywordDriven.TestScript@2ac273d3]" name="loginTest" duration-ms="4434" started-at="2019-03-08T12:29:50Z" finished-at="2019-03-08T12:29:55Z">
          <reporter-output>
          </reporter-output>
        </test-method> <!-- loginTest -->
      </class> <!-- VDOhire_KeywordDriven.VDOhire_KeywordDriven.TestScript -->
    </test> <!-- Default test -->
  </suite> <!-- Default suite -->
</testng-results>
